[2025-03-03T16:56:31.232+0000] {manager.py:483} INFO - Processing files using up to 2 processes at a time 
[2025-03-03T16:56:31.232+0000] {manager.py:484} INFO - Process each file at most once every 30 seconds
[2025-03-03T16:56:31.233+0000] {manager.py:486} INFO - Checking for new files in /opt/airflow/dags every 300 seconds
[2025-03-03T16:56:31.233+0000] {manager.py:726} INFO - Searching for files in /opt/airflow/dags
[2025-03-03T16:56:31.234+0000] {manager.py:729} INFO - There are 0 files in /opt/airflow/dags
[2025-03-03T17:01:31.771+0000] {manager.py:726} INFO - Searching for files in /opt/airflow/dags
[2025-03-03T17:01:31.774+0000] {manager.py:729} INFO - There are 0 files in /opt/airflow/dags
[2025-03-03T17:06:32.485+0000] {manager.py:726} INFO - Searching for files in /opt/airflow/dags
[2025-03-03T17:06:32.492+0000] {manager.py:729} INFO - There are 0 files in /opt/airflow/dags
[2025-03-03T17:11:33.399+0000] {manager.py:726} INFO - Searching for files in /opt/airflow/dags
[2025-03-03T17:11:33.402+0000] {manager.py:729} INFO - There are 0 files in /opt/airflow/dags
[2025-03-03T17:16:34.383+0000] {manager.py:726} INFO - Searching for files in /opt/airflow/dags
[2025-03-03T17:16:34.385+0000] {manager.py:729} INFO - There are 0 files in /opt/airflow/dags
[2025-03-03T17:21:34.869+0000] {manager.py:726} INFO - Searching for files in /opt/airflow/dags
[2025-03-03T17:21:34.874+0000] {manager.py:729} INFO - There are 0 files in /opt/airflow/dags
[2025-03-03T17:26:35.794+0000] {manager.py:726} INFO - Searching for files in /opt/airflow/dags
[2025-03-03T17:26:35.797+0000] {manager.py:729} INFO - There are 0 files in /opt/airflow/dags
[2025-03-03T17:31:36.649+0000] {manager.py:726} INFO - Searching for files in /opt/airflow/dags
[2025-03-03T17:31:36.652+0000] {manager.py:729} INFO - There are 0 files in /opt/airflow/dags
[2025-03-03T17:36:37.655+0000] {manager.py:726} INFO - Searching for files in /opt/airflow/dags
[2025-03-03T17:36:37.657+0000] {manager.py:729} INFO - There are 0 files in /opt/airflow/dags
[2025-03-03T17:41:37.669+0000] {manager.py:726} INFO - Searching for files in /opt/airflow/dags
[2025-03-03T17:41:37.671+0000] {manager.py:729} INFO - There are 0 files in /opt/airflow/dags
[2025-03-03T17:46:38.537+0000] {manager.py:726} INFO - Searching for files in /opt/airflow/dags
[2025-03-03T17:46:38.542+0000] {manager.py:729} INFO - There are 0 files in /opt/airflow/dags
[2025-03-03T17:51:39.131+0000] {manager.py:726} INFO - Searching for files in /opt/airflow/dags
[2025-03-03T17:51:39.133+0000] {manager.py:729} INFO - There are 0 files in /opt/airflow/dags
[2025-03-03T17:56:39.661+0000] {manager.py:726} INFO - Searching for files in /opt/airflow/dags
[2025-03-03T17:56:39.667+0000] {manager.py:729} INFO - There are 0 files in /opt/airflow/dags
[2025-03-03T18:01:40.252+0000] {manager.py:726} INFO - Searching for files in /opt/airflow/dags
[2025-03-03T18:01:40.256+0000] {manager.py:729} INFO - There are 0 files in /opt/airflow/dags
[2025-03-03T18:06:40.967+0000] {manager.py:726} INFO - Searching for files in /opt/airflow/dags
[2025-03-03T18:06:40.971+0000] {manager.py:729} INFO - There are 0 files in /opt/airflow/dags
[2025-03-03T18:11:41.433+0000] {manager.py:726} INFO - Searching for files in /opt/airflow/dags
[2025-03-03T18:11:41.438+0000] {manager.py:729} INFO - There are 0 files in /opt/airflow/dags
[2025-03-03T18:16:41.928+0000] {manager.py:726} INFO - Searching for files in /opt/airflow/dags
[2025-03-03T18:16:41.932+0000] {manager.py:729} INFO - There are 0 files in /opt/airflow/dags
[2025-03-03T18:17:40.589+0000] {manager.py:465} INFO - Exiting gracefully upon receiving signal 15
[2025-03-03T18:26:35.967+0000] {manager.py:483} INFO - Processing files using up to 2 processes at a time 
[2025-03-03T18:26:35.968+0000] {manager.py:484} INFO - Process each file at most once every 30 seconds
[2025-03-03T18:26:35.968+0000] {manager.py:486} INFO - Checking for new files in /opt/airflow/dags every 300 seconds
[2025-03-03T18:26:35.969+0000] {manager.py:726} INFO - Searching for files in /opt/airflow/dags
[2025-03-03T18:26:35.970+0000] {manager.py:729} INFO - There are 1 files in /opt/airflow/dags
[2025-03-03T18:26:36.022+0000] {manager.py:854} INFO - 
================================================================================
DAG File Processing Stats

File Path                      PID  Runtime      # DAGs    # Errors  Last Runtime    Last Run
---------------------------  -----  ---------  --------  ----------  --------------  ----------
/opt/airflow/dags/smooth.py     41  0.02s             0           0
================================================================================
[2025-03-03T18:27:06.225+0000] {manager.py:854} INFO - 
================================================================================
DAG File Processing Stats

File Path                      PID  Runtime      # DAGs    # Errors  Last Runtime    Last Run
---------------------------  -----  ---------  --------  ----------  --------------  -------------------
/opt/airflow/dags/smooth.py    101  0.00s             1           0  0.18s           2025-03-03T18:26:36
================================================================================
[2025-03-03T18:27:36.485+0000] {manager.py:854} INFO - 
================================================================================
DAG File Processing Stats

File Path                      PID  Runtime      # DAGs    # Errors  Last Runtime    Last Run
---------------------------  -----  ---------  --------  ----------  --------------  -------------------
/opt/airflow/dags/smooth.py    142  0.00s             1           0  0.06s           2025-03-03T18:27:06
================================================================================
[2025-03-03T18:28:06.760+0000] {manager.py:854} INFO - 
================================================================================
DAG File Processing Stats

File Path                      PID  Runtime      # DAGs    # Errors  Last Runtime    Last Run
---------------------------  -----  ---------  --------  ----------  --------------  -------------------
/opt/airflow/dags/smooth.py    203  0.01s             1           0  0.06s           2025-03-03T18:27:36
================================================================================
[2025-03-03T18:28:37.011+0000] {manager.py:854} INFO - 
================================================================================
DAG File Processing Stats

File Path                      PID  Runtime      # DAGs    # Errors  Last Runtime    Last Run
---------------------------  -----  ---------  --------  ----------  --------------  -------------------
/opt/airflow/dags/smooth.py    265  0.00s             1           0  0.07s           2025-03-03T18:28:06
================================================================================
[2025-03-03T18:29:07.316+0000] {manager.py:854} INFO - 
================================================================================
DAG File Processing Stats

File Path                      PID  Runtime      # DAGs    # Errors  Last Runtime    Last Run
---------------------------  -----  ---------  --------  ----------  --------------  -------------------
/opt/airflow/dags/smooth.py    326  0.01s             1           0  0.07s           2025-03-03T18:28:37
================================================================================
[2025-03-03T18:29:37.567+0000] {manager.py:854} INFO - 
================================================================================
DAG File Processing Stats

File Path                      PID  Runtime      # DAGs    # Errors  Last Runtime    Last Run
---------------------------  -----  ---------  --------  ----------  --------------  -------------------
/opt/airflow/dags/smooth.py    367  0.00s             1           0  0.08s           2025-03-03T18:29:07
================================================================================
[2025-03-03T18:30:07.817+0000] {manager.py:854} INFO - 
================================================================================
DAG File Processing Stats

File Path                      PID  Runtime      # DAGs    # Errors  Last Runtime    Last Run
---------------------------  -----  ---------  --------  ----------  --------------  -------------------
/opt/airflow/dags/smooth.py    428  0.00s             1           0  0.06s           2025-03-03T18:29:37
================================================================================
[2025-03-03T18:30:38.095+0000] {manager.py:854} INFO - 
================================================================================
DAG File Processing Stats

File Path                      PID  Runtime      # DAGs    # Errors  Last Runtime    Last Run
---------------------------  -----  ---------  --------  ----------  --------------  -------------------
/opt/airflow/dags/smooth.py    489  0.01s             1           0  0.06s           2025-03-03T18:30:07
================================================================================
[2025-03-03T18:31:08.360+0000] {manager.py:854} INFO - 
================================================================================
DAG File Processing Stats

File Path                      PID  Runtime      # DAGs    # Errors  Last Runtime    Last Run
---------------------------  -----  ---------  --------  ----------  --------------  -------------------
/opt/airflow/dags/smooth.py    550  0.01s             1           0  0.08s           2025-03-03T18:30:38
================================================================================
[2025-03-03T18:31:36.604+0000] {manager.py:726} INFO - Searching for files in /opt/airflow/dags
[2025-03-03T18:31:36.606+0000] {manager.py:729} INFO - There are 1 files in /opt/airflow/dags
[2025-03-03T18:31:38.649+0000] {manager.py:854} INFO - 
================================================================================
DAG File Processing Stats

File Path                      PID  Runtime      # DAGs    # Errors  Last Runtime    Last Run
---------------------------  -----  ---------  --------  ----------  --------------  -------------------
/opt/airflow/dags/smooth.py    591  0.00s             1           0  0.07s           2025-03-03T18:31:08
================================================================================
[2025-03-03T18:32:08.890+0000] {manager.py:854} INFO - 
================================================================================
DAG File Processing Stats

File Path                      PID  Runtime      # DAGs    # Errors  Last Runtime    Last Run
---------------------------  -----  ---------  --------  ----------  --------------  -------------------
/opt/airflow/dags/smooth.py    652  0.00s             1           0  0.07s           2025-03-03T18:31:38
================================================================================
[2025-03-03T18:32:39.156+0000] {manager.py:854} INFO - 
================================================================================
DAG File Processing Stats

File Path                      PID  Runtime      # DAGs    # Errors  Last Runtime    Last Run
---------------------------  -----  ---------  --------  ----------  --------------  -------------------
/opt/airflow/dags/smooth.py    713  0.01s             1           0  0.05s           2025-03-03T18:32:08
================================================================================
[2025-03-03T18:33:09.443+0000] {manager.py:854} INFO - 
================================================================================
DAG File Processing Stats

File Path                      PID  Runtime      # DAGs    # Errors  Last Runtime    Last Run
---------------------------  -----  ---------  --------  ----------  --------------  -------------------
/opt/airflow/dags/smooth.py    774  0.00s             1           0  0.09s           2025-03-03T18:32:39
================================================================================
[2025-03-03T18:33:39.692+0000] {manager.py:854} INFO - 
================================================================================
DAG File Processing Stats

File Path                      PID  Runtime      # DAGs    # Errors  Last Runtime    Last Run
---------------------------  -----  ---------  --------  ----------  --------------  -------------------
/opt/airflow/dags/smooth.py    814  0.00s             1           0  0.06s           2025-03-03T18:33:09
================================================================================
[2025-03-03T18:34:09.914+0000] {manager.py:854} INFO - 
================================================================================
DAG File Processing Stats

File Path                      PID  Runtime      # DAGs    # Errors  Last Runtime    Last Run
---------------------------  -----  ---------  --------  ----------  --------------  -------------------
/opt/airflow/dags/smooth.py    875  0.00s             1           0  0.06s           2025-03-03T18:33:39
================================================================================
[2025-03-03T18:34:40.160+0000] {manager.py:854} INFO - 
================================================================================
DAG File Processing Stats

File Path                      PID  Runtime      # DAGs    # Errors  Last Runtime    Last Run
---------------------------  -----  ---------  --------  ----------  --------------  -------------------
/opt/airflow/dags/smooth.py    936  0.01s             1           0  0.06s           2025-03-03T18:34:09
================================================================================
[2025-03-03T18:35:10.387+0000] {manager.py:854} INFO - 
================================================================================
DAG File Processing Stats

File Path                      PID  Runtime      # DAGs    # Errors  Last Runtime    Last Run
---------------------------  -----  ---------  --------  ----------  --------------  -------------------
/opt/airflow/dags/smooth.py    986  0.00s             1           0  0.07s           2025-03-03T18:34:40
================================================================================
[2025-03-03T18:35:40.653+0000] {manager.py:854} INFO - 
================================================================================
DAG File Processing Stats

File Path                      PID  Runtime      # DAGs    # Errors  Last Runtime    Last Run
---------------------------  -----  ---------  --------  ----------  --------------  -------------------
/opt/airflow/dags/smooth.py   1038  0.00s             1           0  0.07s           2025-03-03T18:35:10
================================================================================
[2025-03-03T18:36:10.926+0000] {manager.py:854} INFO - 
================================================================================
DAG File Processing Stats

File Path                      PID  Runtime      # DAGs    # Errors  Last Runtime    Last Run
---------------------------  -----  ---------  --------  ----------  --------------  -------------------
/opt/airflow/dags/smooth.py   1099  0.01s             1           0  0.07s           2025-03-03T18:35:40
================================================================================
[2025-03-03T18:36:37.156+0000] {manager.py:726} INFO - Searching for files in /opt/airflow/dags
[2025-03-03T18:36:37.161+0000] {manager.py:729} INFO - There are 1 files in /opt/airflow/dags
[2025-03-03T18:36:41.199+0000] {manager.py:854} INFO - 
================================================================================
DAG File Processing Stats

File Path                      PID  Runtime      # DAGs    # Errors  Last Runtime    Last Run
---------------------------  -----  ---------  --------  ----------  --------------  -------------------
/opt/airflow/dags/smooth.py   1160  0.00s             1           0  0.08s           2025-03-03T18:36:11
================================================================================
[2025-03-03T18:37:11.431+0000] {manager.py:854} INFO - 
================================================================================
DAG File Processing Stats

File Path                      PID  Runtime      # DAGs    # Errors  Last Runtime    Last Run
---------------------------  -----  ---------  --------  ----------  --------------  -------------------
/opt/airflow/dags/smooth.py   1201  0.00s             1           0  0.05s           2025-03-03T18:36:41
================================================================================
[2025-03-03T18:37:41.690+0000] {manager.py:854} INFO - 
================================================================================
DAG File Processing Stats

File Path                      PID  Runtime      # DAGs    # Errors  Last Runtime    Last Run
---------------------------  -----  ---------  --------  ----------  --------------  -------------------
/opt/airflow/dags/smooth.py   1262  0.00s             1           0  0.06s           2025-03-03T18:37:11
================================================================================
[2025-03-03T18:38:11.947+0000] {manager.py:854} INFO - 
================================================================================
DAG File Processing Stats

File Path                      PID  Runtime      # DAGs    # Errors  Last Runtime    Last Run
---------------------------  -----  ---------  --------  ----------  --------------  -------------------
/opt/airflow/dags/smooth.py   1322  0.00s             1           0  0.07s           2025-03-03T18:37:41
================================================================================
[2025-03-03T18:38:42.210+0000] {manager.py:854} INFO - 
================================================================================
DAG File Processing Stats

File Path                      PID  Runtime      # DAGs    # Errors  Last Runtime    Last Run
---------------------------  -----  ---------  --------  ----------  --------------  -------------------
/opt/airflow/dags/smooth.py   1383  0.00s             1           0  0.07s           2025-03-03T18:38:12
================================================================================
[2025-03-03T18:39:12.469+0000] {manager.py:854} INFO - 
================================================================================
DAG File Processing Stats

File Path                      PID  Runtime      # DAGs    # Errors  Last Runtime    Last Run
---------------------------  -----  ---------  --------  ----------  --------------  -------------------
/opt/airflow/dags/smooth.py   1424  0.01s             1           0  0.07s           2025-03-03T18:38:42
================================================================================
[2025-03-03T18:39:42.766+0000] {manager.py:854} INFO - 
================================================================================
DAG File Processing Stats

File Path                      PID  Runtime      # DAGs    # Errors  Last Runtime    Last Run
---------------------------  -----  ---------  --------  ----------  --------------  -------------------
/opt/airflow/dags/smooth.py   1485  0.01s             1           0  0.09s           2025-03-03T18:39:12
================================================================================
[2025-03-03T18:40:13.028+0000] {manager.py:854} INFO - 
================================================================================
DAG File Processing Stats

File Path                      PID  Runtime      # DAGs    # Errors  Last Runtime    Last Run
---------------------------  -----  ---------  --------  ----------  --------------  -------------------
/opt/airflow/dags/smooth.py   1546  0.01s             1           0  0.09s           2025-03-03T18:39:42
================================================================================
[2025-03-03T18:40:43.301+0000] {manager.py:854} INFO - 
================================================================================
DAG File Processing Stats

File Path                      PID  Runtime      # DAGs    # Errors  Last Runtime    Last Run
---------------------------  -----  ---------  --------  ----------  --------------  -------------------
/opt/airflow/dags/smooth.py   1607  0.00s             1           0  0.08s           2025-03-03T18:40:13
================================================================================
[2025-03-03T18:41:13.539+0000] {manager.py:854} INFO - 
================================================================================
DAG File Processing Stats

File Path                      PID  Runtime      # DAGs    # Errors  Last Runtime    Last Run
---------------------------  -----  ---------  --------  ----------  --------------  -------------------
/opt/airflow/dags/smooth.py   1648  0.00s             1           0  0.05s           2025-03-03T18:40:43
================================================================================
[2025-03-03T18:41:37.755+0000] {manager.py:726} INFO - Searching for files in /opt/airflow/dags
[2025-03-03T18:41:37.761+0000] {manager.py:729} INFO - There are 1 files in /opt/airflow/dags
[2025-03-03T18:41:43.820+0000] {manager.py:854} INFO - 
================================================================================
DAG File Processing Stats

File Path                      PID  Runtime      # DAGs    # Errors  Last Runtime    Last Run
---------------------------  -----  ---------  --------  ----------  --------------  -------------------
/opt/airflow/dags/smooth.py   1709  0.01s             1           0  0.10s           2025-03-03T18:41:13
================================================================================
[2025-03-03T18:42:14.106+0000] {manager.py:854} INFO - 
================================================================================
DAG File Processing Stats

File Path                      PID  Runtime      # DAGs    # Errors  Last Runtime    Last Run
---------------------------  -----  ---------  --------  ----------  --------------  -------------------
/opt/airflow/dags/smooth.py   1769  0.01s             1           0  0.06s           2025-03-03T18:41:43
================================================================================
[2025-03-03T18:42:44.377+0000] {manager.py:854} INFO - 
================================================================================
DAG File Processing Stats

File Path                      PID  Runtime      # DAGs    # Errors  Last Runtime    Last Run
---------------------------  -----  ---------  --------  ----------  --------------  -------------------
/opt/airflow/dags/smooth.py   1816  0.00s             1           0  0.08s           2025-03-03T18:42:14
================================================================================
[2025-03-03T18:43:14.619+0000] {manager.py:854} INFO - 
================================================================================
DAG File Processing Stats

File Path                      PID  Runtime      # DAGs    # Errors  Last Runtime    Last Run
---------------------------  -----  ---------  --------  ----------  --------------  -------------------
/opt/airflow/dags/smooth.py   1870  0.00s             1           0  0.05s           2025-03-03T18:42:44
================================================================================
[2025-03-03T18:43:44.867+0000] {manager.py:854} INFO - 
================================================================================
DAG File Processing Stats

File Path                      PID  Runtime      # DAGs    # Errors  Last Runtime    Last Run
---------------------------  -----  ---------  --------  ----------  --------------  -------------------
/opt/airflow/dags/smooth.py   1931  0.00s             1           0  0.05s           2025-03-03T18:43:14
================================================================================
[2025-03-03T18:44:15.128+0000] {manager.py:854} INFO - 
================================================================================
DAG File Processing Stats

File Path                      PID  Runtime      # DAGs    # Errors  Last Runtime    Last Run
---------------------------  -----  ---------  --------  ----------  --------------  -------------------
/opt/airflow/dags/smooth.py   1992  0.01s             1           0  0.06s           2025-03-03T18:43:44
================================================================================
[2025-03-03T18:44:45.386+0000] {manager.py:854} INFO - 
================================================================================
DAG File Processing Stats

File Path                      PID  Runtime      # DAGs    # Errors  Last Runtime    Last Run
---------------------------  -----  ---------  --------  ----------  --------------  -------------------
/opt/airflow/dags/smooth.py   2033  0.01s             1           0  0.10s           2025-03-03T18:44:15
================================================================================
[2025-03-03T18:45:15.627+0000] {manager.py:854} INFO - 
================================================================================
DAG File Processing Stats

File Path                      PID  Runtime      # DAGs    # Errors  Last Runtime    Last Run
---------------------------  -----  ---------  --------  ----------  --------------  -------------------
/opt/airflow/dags/smooth.py   2094  0.00s             1           0  0.09s           2025-03-03T18:44:45
================================================================================
[2025-03-03T18:45:45.867+0000] {manager.py:854} INFO - 
================================================================================
DAG File Processing Stats

File Path                      PID  Runtime      # DAGs    # Errors  Last Runtime    Last Run
---------------------------  -----  ---------  --------  ----------  --------------  -------------------
/opt/airflow/dags/smooth.py   2155  0.00s             1           0  0.07s           2025-03-03T18:45:15
================================================================================
[2025-03-03T18:46:16.146+0000] {manager.py:854} INFO - 
================================================================================
DAG File Processing Stats

File Path                      PID  Runtime      # DAGs    # Errors  Last Runtime    Last Run
---------------------------  -----  ---------  --------  ----------  --------------  -------------------
/opt/airflow/dags/smooth.py   2216  0.01s             1           0  0.08s           2025-03-03T18:45:45
================================================================================
[2025-03-03T18:46:38.334+0000] {manager.py:726} INFO - Searching for files in /opt/airflow/dags
[2025-03-03T18:46:38.340+0000] {manager.py:729} INFO - There are 1 files in /opt/airflow/dags
[2025-03-03T18:46:46.420+0000] {manager.py:854} INFO - 
================================================================================
DAG File Processing Stats

File Path                      PID  Runtime      # DAGs    # Errors  Last Runtime    Last Run
---------------------------  -----  ---------  --------  ----------  --------------  -------------------
/opt/airflow/dags/smooth.py   2257  0.00s             1           0  0.07s           2025-03-03T18:46:16
================================================================================
[2025-03-03T18:47:16.661+0000] {manager.py:854} INFO - 
================================================================================
DAG File Processing Stats

File Path                      PID  Runtime      # DAGs    # Errors  Last Runtime    Last Run
---------------------------  -----  ---------  --------  ----------  --------------  -------------------
/opt/airflow/dags/smooth.py   2318  0.00s             1           0  0.05s           2025-03-03T18:46:46
================================================================================
[2025-03-03T18:47:46.883+0000] {manager.py:854} INFO - 
================================================================================
DAG File Processing Stats

File Path                      PID  Runtime      # DAGs    # Errors  Last Runtime    Last Run
---------------------------  -----  ---------  --------  ----------  --------------  -------------------
/opt/airflow/dags/smooth.py   2379  0.00s             1           0  0.06s           2025-03-03T18:47:16
================================================================================
[2025-03-03T18:48:17.148+0000] {manager.py:854} INFO - 
================================================================================
DAG File Processing Stats

File Path                      PID  Runtime      # DAGs    # Errors  Last Runtime    Last Run
---------------------------  -----  ---------  --------  ----------  --------------  -------------------
/opt/airflow/dags/smooth.py   2440  0.00s             1           0  0.07s           2025-03-03T18:47:46
================================================================================
[2025-03-03T18:48:47.464+0000] {manager.py:854} INFO - 
================================================================================
DAG File Processing Stats

File Path                      PID  Runtime      # DAGs    # Errors  Last Runtime    Last Run
---------------------------  -----  ---------  --------  ----------  --------------  -------------------
/opt/airflow/dags/smooth.py   2481  0.01s             1           0  0.07s           2025-03-03T18:48:17
================================================================================
[2025-03-03T18:49:17.732+0000] {manager.py:854} INFO - 
================================================================================
DAG File Processing Stats

File Path                      PID  Runtime      # DAGs    # Errors  Last Runtime    Last Run
---------------------------  -----  ---------  --------  ----------  --------------  -------------------
/opt/airflow/dags/smooth.py   2542  0.00s             1           0  0.07s           2025-03-03T18:48:47
================================================================================
[2025-03-03T18:49:47.988+0000] {manager.py:854} INFO - 
================================================================================
DAG File Processing Stats

File Path                      PID  Runtime      # DAGs    # Errors  Last Runtime    Last Run
---------------------------  -----  ---------  --------  ----------  --------------  -------------------
/opt/airflow/dags/smooth.py   2603  0.00s             1           0  0.07s           2025-03-03T18:49:17
================================================================================
[2025-03-03T18:50:18.251+0000] {manager.py:854} INFO - 
================================================================================
DAG File Processing Stats

File Path                      PID  Runtime      # DAGs    # Errors  Last Runtime    Last Run
---------------------------  -----  ---------  --------  ----------  --------------  -------------------
/opt/airflow/dags/smooth.py   2644  0.00s             1           0  0.07s           2025-03-03T18:49:48
================================================================================
[2025-03-03T18:50:48.514+0000] {manager.py:854} INFO - 
================================================================================
DAG File Processing Stats

File Path                      PID  Runtime      # DAGs    # Errors  Last Runtime    Last Run
---------------------------  -----  ---------  --------  ----------  --------------  -------------------
/opt/airflow/dags/smooth.py   2705  0.01s             1           0  0.07s           2025-03-03T18:50:18
================================================================================
[2025-03-03T18:51:18.786+0000] {manager.py:854} INFO - 
================================================================================
DAG File Processing Stats

File Path                      PID  Runtime      # DAGs    # Errors  Last Runtime    Last Run
---------------------------  -----  ---------  --------  ----------  --------------  -------------------
/opt/airflow/dags/smooth.py   2766  0.01s             1           0  0.09s           2025-03-03T18:50:48
================================================================================
[2025-03-03T18:51:38.962+0000] {manager.py:726} INFO - Searching for files in /opt/airflow/dags
[2025-03-03T18:51:38.980+0000] {manager.py:729} INFO - There are 1 files in /opt/airflow/dags
[2025-03-03T18:51:49.071+0000] {manager.py:854} INFO - 
================================================================================
DAG File Processing Stats

File Path                      PID  Runtime      # DAGs    # Errors  Last Runtime    Last Run
---------------------------  -----  ---------  --------  ----------  --------------  -------------------
/opt/airflow/dags/smooth.py   2827  0.00s             1           0  0.08s           2025-03-03T18:51:18
================================================================================
[2025-03-03T18:52:19.306+0000] {manager.py:854} INFO - 
================================================================================
DAG File Processing Stats

File Path                      PID  Runtime      # DAGs    # Errors  Last Runtime    Last Run
---------------------------  -----  ---------  --------  ----------  --------------  -------------------
/opt/airflow/dags/smooth.py   2868  0.01s             1           0  0.06s           2025-03-03T18:51:49
================================================================================
[2025-03-03T18:52:49.568+0000] {manager.py:854} INFO - 
================================================================================
DAG File Processing Stats

File Path                      PID  Runtime      # DAGs    # Errors  Last Runtime    Last Run
---------------------------  -----  ---------  --------  ----------  --------------  -------------------
/opt/airflow/dags/smooth.py   2929  0.01s             1           0  0.07s           2025-03-03T18:52:19
================================================================================
[2025-03-03T18:53:19.823+0000] {manager.py:854} INFO - 
================================================================================
DAG File Processing Stats

File Path                      PID  Runtime      # DAGs    # Errors  Last Runtime    Last Run
---------------------------  -----  ---------  --------  ----------  --------------  -------------------
/opt/airflow/dags/smooth.py   2990  0.01s             1           0  0.10s           2025-03-03T18:52:49
================================================================================
[2025-03-03T18:53:50.088+0000] {manager.py:854} INFO - 
================================================================================
DAG File Processing Stats

File Path                      PID  Runtime      # DAGs    # Errors  Last Runtime    Last Run
---------------------------  -----  ---------  --------  ----------  --------------  -------------------
/opt/airflow/dags/smooth.py   3051  0.00s             1           0  0.09s           2025-03-03T18:53:19
================================================================================
[2025-03-03T18:54:20.354+0000] {manager.py:854} INFO - 
================================================================================
DAG File Processing Stats

File Path                      PID  Runtime      # DAGs    # Errors  Last Runtime    Last Run
---------------------------  -----  ---------  --------  ----------  --------------  -------------------
/opt/airflow/dags/smooth.py   3091  0.01s             1           0  0.07s           2025-03-03T18:53:50
================================================================================
[2025-03-03T18:54:50.608+0000] {manager.py:854} INFO - 
================================================================================
DAG File Processing Stats

File Path                      PID  Runtime      # DAGs    # Errors  Last Runtime    Last Run
---------------------------  -----  ---------  --------  ----------  --------------  -------------------
/opt/airflow/dags/smooth.py   3152  0.00s             1           0  0.09s           2025-03-03T18:54:20
================================================================================
[2025-03-03T18:55:20.842+0000] {manager.py:854} INFO - 
================================================================================
DAG File Processing Stats

File Path                      PID  Runtime      # DAGs    # Errors  Last Runtime    Last Run
---------------------------  -----  ---------  --------  ----------  --------------  -------------------
/opt/airflow/dags/smooth.py   3213  0.00s             1           0  0.08s           2025-03-03T18:54:50
================================================================================
[2025-03-03T18:55:51.112+0000] {manager.py:854} INFO - 
================================================================================
DAG File Processing Stats

File Path                      PID  Runtime      # DAGs    # Errors  Last Runtime    Last Run
---------------------------  -----  ---------  --------  ----------  --------------  -------------------
/opt/airflow/dags/smooth.py   3263  0.00s             1           0  0.07s           2025-03-03T18:55:20
================================================================================
[2025-03-03T18:56:21.365+0000] {manager.py:854} INFO - 
================================================================================
DAG File Processing Stats

File Path                      PID  Runtime      # DAGs    # Errors  Last Runtime    Last Run
---------------------------  -----  ---------  --------  ----------  --------------  -------------------
/opt/airflow/dags/smooth.py   3315  0.01s             1           0  0.07s           2025-03-03T18:55:51
================================================================================
[2025-03-03T18:56:39.542+0000] {manager.py:726} INFO - Searching for files in /opt/airflow/dags
[2025-03-03T18:56:39.548+0000] {manager.py:729} INFO - There are 1 files in /opt/airflow/dags
[2025-03-03T18:56:51.694+0000] {manager.py:854} INFO - 
================================================================================
DAG File Processing Stats

File Path                      PID  Runtime      # DAGs    # Errors  Last Runtime    Last Run
---------------------------  -----  ---------  --------  ----------  --------------  -------------------
/opt/airflow/dags/smooth.py   3376  0.01s             1           0  0.09s           2025-03-03T18:56:21
================================================================================
[2025-03-03T18:57:21.911+0000] {manager.py:854} INFO - 
================================================================================
DAG File Processing Stats

File Path                      PID  Runtime      # DAGs    # Errors  Last Runtime    Last Run
---------------------------  -----  ---------  --------  ----------  --------------  -------------------
/opt/airflow/dags/smooth.py   3437  0.00s             1           0  0.07s           2025-03-03T18:56:51
================================================================================
[2025-03-03T18:57:52.149+0000] {manager.py:854} INFO - 
================================================================================
DAG File Processing Stats

File Path                      PID  Runtime      # DAGs    # Errors  Last Runtime    Last Run
---------------------------  -----  ---------  --------  ----------  --------------  -------------------
/opt/airflow/dags/smooth.py   3478  0.00s             1           0  0.05s           2025-03-03T18:57:21
================================================================================
[2025-03-03T18:58:22.428+0000] {manager.py:854} INFO - 
================================================================================
DAG File Processing Stats

File Path                      PID  Runtime      # DAGs    # Errors  Last Runtime    Last Run
---------------------------  -----  ---------  --------  ----------  --------------  -------------------
/opt/airflow/dags/smooth.py   3539  0.01s             1           0  0.07s           2025-03-03T18:57:52
================================================================================
[2025-03-03T18:58:52.695+0000] {manager.py:854} INFO - 
================================================================================
DAG File Processing Stats

File Path                      PID  Runtime      # DAGs    # Errors  Last Runtime    Last Run
---------------------------  -----  ---------  --------  ----------  --------------  -------------------
/opt/airflow/dags/smooth.py   3600  0.01s             1           0  0.08s           2025-03-03T18:58:22
================================================================================
[2025-03-03T18:59:22.929+0000] {manager.py:854} INFO - 
================================================================================
DAG File Processing Stats

File Path                      PID  Runtime      # DAGs    # Errors  Last Runtime    Last Run
---------------------------  -----  ---------  --------  ----------  --------------  -------------------
/opt/airflow/dags/smooth.py   3661  0.01s             1           0  0.07s           2025-03-03T18:58:52
================================================================================
[2025-03-03T18:59:53.206+0000] {manager.py:854} INFO - 
================================================================================
DAG File Processing Stats

File Path                      PID  Runtime      # DAGs    # Errors  Last Runtime    Last Run
---------------------------  -----  ---------  --------  ----------  --------------  -------------------
/opt/airflow/dags/smooth.py   3701  0.01s             1           0  0.08s           2025-03-03T18:59:23
================================================================================
[2025-03-03T19:00:23.466+0000] {manager.py:854} INFO - 
================================================================================
DAG File Processing Stats

File Path                      PID  Runtime      # DAGs    # Errors  Last Runtime    Last Run
---------------------------  -----  ---------  --------  ----------  --------------  -------------------
/opt/airflow/dags/smooth.py   3762  0.01s             1           0  0.08s           2025-03-03T18:59:53
================================================================================
[2025-03-03T19:00:53.743+0000] {manager.py:854} INFO - 
================================================================================
DAG File Processing Stats

File Path                      PID  Runtime      # DAGs    # Errors  Last Runtime    Last Run
---------------------------  -----  ---------  --------  ----------  --------------  -------------------
/opt/airflow/dags/smooth.py   3823  0.01s             1           0  0.06s           2025-03-03T19:00:23
================================================================================
[2025-03-03T19:01:23.981+0000] {manager.py:854} INFO - 
================================================================================
DAG File Processing Stats

File Path                      PID  Runtime      # DAGs    # Errors  Last Runtime    Last Run
---------------------------  -----  ---------  --------  ----------  --------------  -------------------
/opt/airflow/dags/smooth.py   3884  0.00s             1           0  0.08s           2025-03-03T19:00:53
================================================================================
[2025-03-03T19:01:40.127+0000] {manager.py:726} INFO - Searching for files in /opt/airflow/dags
[2025-03-03T19:01:40.133+0000] {manager.py:729} INFO - There are 1 files in /opt/airflow/dags
[2025-03-03T19:01:54.266+0000] {manager.py:854} INFO - 
================================================================================
DAG File Processing Stats

File Path                      PID  Runtime      # DAGs    # Errors  Last Runtime    Last Run
---------------------------  -----  ---------  --------  ----------  --------------  -------------------
/opt/airflow/dags/smooth.py   3925  0.00s             1           0  0.05s           2025-03-03T19:01:24
================================================================================
[2025-03-03T19:02:24.496+0000] {manager.py:854} INFO - 
================================================================================
DAG File Processing Stats

File Path                      PID  Runtime      # DAGs    # Errors  Last Runtime    Last Run
---------------------------  -----  ---------  --------  ----------  --------------  -------------------
/opt/airflow/dags/smooth.py   3986  0.01s             1           0  0.05s           2025-03-03T19:01:54
================================================================================
[2025-03-03T19:02:54.765+0000] {manager.py:854} INFO - 
================================================================================
DAG File Processing Stats

File Path                      PID  Runtime      # DAGs    # Errors  Last Runtime    Last Run
---------------------------  -----  ---------  --------  ----------  --------------  -------------------
/opt/airflow/dags/smooth.py   4047  0.01s             1           0  0.09s           2025-03-03T19:02:24
================================================================================
[2025-03-03T19:03:25.027+0000] {manager.py:854} INFO - 
================================================================================
DAG File Processing Stats

File Path                      PID  Runtime      # DAGs    # Errors  Last Runtime    Last Run
---------------------------  -----  ---------  --------  ----------  --------------  -------------------
/opt/airflow/dags/smooth.py   4088  0.01s             1           0  0.08s           2025-03-03T19:02:54
================================================================================
[2025-03-03T19:03:55.296+0000] {manager.py:854} INFO - 
================================================================================
DAG File Processing Stats

File Path                      PID  Runtime      # DAGs    # Errors  Last Runtime    Last Run
---------------------------  -----  ---------  --------  ----------  --------------  -------------------
/opt/airflow/dags/smooth.py   4149  0.01s             1           0  0.08s           2025-03-03T19:03:25
================================================================================
[2025-03-03T19:04:25.592+0000] {manager.py:854} INFO - 
================================================================================
DAG File Processing Stats

File Path                      PID  Runtime      # DAGs    # Errors  Last Runtime    Last Run
---------------------------  -----  ---------  --------  ----------  --------------  -------------------
/opt/airflow/dags/smooth.py   4210  0.01s             1           0  0.07s           2025-03-03T19:03:55
================================================================================
[2025-03-03T19:04:55.869+0000] {manager.py:854} INFO - 
================================================================================
DAG File Processing Stats

File Path                      PID  Runtime      # DAGs    # Errors  Last Runtime    Last Run
---------------------------  -----  ---------  --------  ----------  --------------  -------------------
/opt/airflow/dags/smooth.py   4271  0.01s             1           0  0.07s           2025-03-03T19:04:25
================================================================================
[2025-03-03T19:05:26.137+0000] {manager.py:854} INFO - 
================================================================================
DAG File Processing Stats

File Path                      PID  Runtime      # DAGs    # Errors  Last Runtime    Last Run
---------------------------  -----  ---------  --------  ----------  --------------  -------------------
/opt/airflow/dags/smooth.py   4312  0.01s             1           0  0.07s           2025-03-03T19:04:55
================================================================================
[2025-03-03T19:05:56.407+0000] {manager.py:854} INFO - 
================================================================================
DAG File Processing Stats

File Path                      PID  Runtime      # DAGs    # Errors  Last Runtime    Last Run
---------------------------  -----  ---------  --------  ----------  --------------  -------------------
/opt/airflow/dags/smooth.py   4373  0.00s             1           0  0.07s           2025-03-03T19:05:26
================================================================================
[2025-03-03T19:06:26.725+0000] {manager.py:854} INFO - 
================================================================================
DAG File Processing Stats

File Path                      PID  Runtime      # DAGs    # Errors  Last Runtime    Last Run
---------------------------  -----  ---------  --------  ----------  --------------  -------------------
/opt/airflow/dags/smooth.py   4433  0.01s             1           0  0.08s           2025-03-03T19:05:56
================================================================================
[2025-03-03T19:06:40.854+0000] {manager.py:726} INFO - Searching for files in /opt/airflow/dags
[2025-03-03T19:06:40.861+0000] {manager.py:729} INFO - There are 1 files in /opt/airflow/dags
[2025-03-03T19:06:56.998+0000] {manager.py:854} INFO - 
================================================================================
DAG File Processing Stats

File Path                      PID  Runtime      # DAGs    # Errors  Last Runtime    Last Run
---------------------------  -----  ---------  --------  ----------  --------------  -------------------
/opt/airflow/dags/smooth.py   4494  0.00s             1           0  0.08s           2025-03-03T19:06:26
================================================================================
[2025-03-03T19:07:27.230+0000] {manager.py:854} INFO - 
================================================================================
DAG File Processing Stats

File Path                      PID  Runtime      # DAGs    # Errors  Last Runtime    Last Run
---------------------------  -----  ---------  --------  ----------  --------------  -------------------
/opt/airflow/dags/smooth.py   4535  0.00s             1           0  0.05s           2025-03-03T19:06:57
================================================================================
[2025-03-03T19:07:57.504+0000] {manager.py:854} INFO - 
================================================================================
DAG File Processing Stats

File Path                      PID  Runtime      # DAGs    # Errors  Last Runtime    Last Run
---------------------------  -----  ---------  --------  ----------  --------------  -------------------
/opt/airflow/dags/smooth.py   4596  0.00s             1           0  0.07s           2025-03-03T19:07:27
================================================================================
[2025-03-03T19:08:27.735+0000] {manager.py:854} INFO - 
================================================================================
DAG File Processing Stats

File Path                      PID  Runtime      # DAGs    # Errors  Last Runtime    Last Run
---------------------------  -----  ---------  --------  ----------  --------------  -------------------
/opt/airflow/dags/smooth.py   4657  0.00s             1           0  0.08s           2025-03-03T19:07:57
================================================================================
[2025-03-03T19:08:58.010+0000] {manager.py:854} INFO - 
================================================================================
DAG File Processing Stats

File Path                      PID  Runtime      # DAGs    # Errors  Last Runtime    Last Run
---------------------------  -----  ---------  --------  ----------  --------------  -------------------
/opt/airflow/dags/smooth.py   4718  0.00s             1           0  0.06s           2025-03-03T19:08:27
================================================================================
[2025-03-03T19:09:28.305+0000] {manager.py:854} INFO - 
================================================================================
DAG File Processing Stats

File Path                      PID  Runtime      # DAGs    # Errors  Last Runtime    Last Run
---------------------------  -----  ---------  --------  ----------  --------------  -------------------
/opt/airflow/dags/smooth.py   4759  0.00s             1           0  0.06s           2025-03-03T19:08:58
================================================================================
[2025-03-03T19:09:58.542+0000] {manager.py:854} INFO - 
================================================================================
DAG File Processing Stats

File Path                      PID  Runtime      # DAGs    # Errors  Last Runtime    Last Run
---------------------------  -----  ---------  --------  ----------  --------------  -------------------
/opt/airflow/dags/smooth.py   4820  0.00s             1           0  0.06s           2025-03-03T19:09:28
================================================================================
[2025-03-03T19:10:28.807+0000] {manager.py:854} INFO - 
================================================================================
DAG File Processing Stats

File Path                      PID  Runtime      # DAGs    # Errors  Last Runtime    Last Run
---------------------------  -----  ---------  --------  ----------  --------------  -------------------
/opt/airflow/dags/smooth.py   4881  0.00s             1           0  0.06s           2025-03-03T19:09:58
================================================================================
[2025-03-03T19:10:59.080+0000] {manager.py:854} INFO - 
================================================================================
DAG File Processing Stats

File Path                      PID  Runtime      # DAGs    # Errors  Last Runtime    Last Run
---------------------------  -----  ---------  --------  ----------  --------------  -------------------
/opt/airflow/dags/smooth.py   4922  0.00s             1           0  0.09s           2025-03-03T19:10:28
================================================================================
[2025-03-03T19:11:29.357+0000] {manager.py:854} INFO - 
================================================================================
DAG File Processing Stats

File Path                      PID  Runtime      # DAGs    # Errors  Last Runtime    Last Run
---------------------------  -----  ---------  --------  ----------  --------------  -------------------
/opt/airflow/dags/smooth.py   4982  0.01s             1           0  0.08s           2025-03-03T19:10:59
================================================================================
[2025-03-03T19:11:41.457+0000] {manager.py:726} INFO - Searching for files in /opt/airflow/dags
[2025-03-03T19:11:41.461+0000] {manager.py:729} INFO - There are 1 files in /opt/airflow/dags
[2025-03-03T19:11:59.615+0000] {manager.py:854} INFO - 
================================================================================
DAG File Processing Stats

File Path                      PID  Runtime      # DAGs    # Errors  Last Runtime    Last Run
---------------------------  -----  ---------  --------  ----------  --------------  -------------------
/opt/airflow/dags/smooth.py   5043  0.00s             1           0  0.07s           2025-03-03T19:11:29
================================================================================
[2025-03-03T19:12:29.867+0000] {manager.py:854} INFO - 
================================================================================
DAG File Processing Stats

File Path                      PID  Runtime      # DAGs    # Errors  Last Runtime    Last Run
---------------------------  -----  ---------  --------  ----------  --------------  -------------------
/opt/airflow/dags/smooth.py   5104  0.00s             1           0  0.05s           2025-03-03T19:11:59
================================================================================
[2025-03-03T19:13:00.105+0000] {manager.py:854} INFO - 
================================================================================
DAG File Processing Stats

File Path                      PID  Runtime      # DAGs    # Errors  Last Runtime    Last Run
---------------------------  -----  ---------  --------  ----------  --------------  -------------------
/opt/airflow/dags/smooth.py   5145  0.00s             1           0  0.06s           2025-03-03T19:12:29
================================================================================
[2025-03-03T19:13:30.348+0000] {manager.py:854} INFO - 
================================================================================
DAG File Processing Stats

File Path                      PID  Runtime      # DAGs    # Errors  Last Runtime    Last Run
---------------------------  -----  ---------  --------  ----------  --------------  -------------------
/opt/airflow/dags/smooth.py   5206  0.00s             1           0  0.07s           2025-03-03T19:13:00
================================================================================
[2025-03-03T19:14:00.602+0000] {manager.py:854} INFO - 
================================================================================
DAG File Processing Stats

File Path                      PID  Runtime      # DAGs    # Errors  Last Runtime    Last Run
---------------------------  -----  ---------  --------  ----------  --------------  -------------------
/opt/airflow/dags/smooth.py   5267  0.00s             1           0  0.06s           2025-03-03T19:13:30
================================================================================
[2025-03-03T19:14:30.826+0000] {manager.py:854} INFO - 
================================================================================
DAG File Processing Stats

File Path                      PID  Runtime      # DAGs    # Errors  Last Runtime    Last Run
---------------------------  -----  ---------  --------  ----------  --------------  -------------------
/opt/airflow/dags/smooth.py   5328  0.00s             1           0  0.06s           2025-03-03T19:14:00
================================================================================
[2025-03-03T19:15:01.085+0000] {manager.py:854} INFO - 
================================================================================
DAG File Processing Stats

File Path                      PID  Runtime      # DAGs    # Errors  Last Runtime    Last Run
---------------------------  -----  ---------  --------  ----------  --------------  -------------------
/opt/airflow/dags/smooth.py   5369  0.00s             1           0  0.06s           2025-03-03T19:14:30
================================================================================
[2025-03-03T19:15:31.323+0000] {manager.py:854} INFO - 
================================================================================
DAG File Processing Stats

File Path                      PID  Runtime      # DAGs    # Errors  Last Runtime    Last Run
---------------------------  -----  ---------  --------  ----------  --------------  -------------------
/opt/airflow/dags/smooth.py   5429  0.00s             1           0  0.06s           2025-03-03T19:15:01
================================================================================
[2025-03-03T19:16:01.538+0000] {manager.py:854} INFO - 
================================================================================
DAG File Processing Stats

File Path                      PID  Runtime      # DAGs    # Errors  Last Runtime    Last Run
---------------------------  -----  ---------  --------  ----------  --------------  -------------------
/opt/airflow/dags/smooth.py   5490  0.00s             1           0  0.06s           2025-03-03T19:15:31
================================================================================
[2025-03-03T19:16:31.782+0000] {manager.py:854} INFO - 
================================================================================
DAG File Processing Stats

File Path                      PID  Runtime      # DAGs    # Errors  Last Runtime    Last Run
---------------------------  -----  ---------  --------  ----------  --------------  -------------------
/opt/airflow/dags/smooth.py   5540  0.00s             1           0  0.07s           2025-03-03T19:16:01
================================================================================
[2025-03-03T19:16:41.876+0000] {manager.py:726} INFO - Searching for files in /opt/airflow/dags
[2025-03-03T19:16:41.885+0000] {manager.py:729} INFO - There are 1 files in /opt/airflow/dags
[2025-03-03T19:17:02.069+0000] {manager.py:854} INFO - 
================================================================================
DAG File Processing Stats

File Path                      PID  Runtime      # DAGs    # Errors  Last Runtime    Last Run
---------------------------  -----  ---------  --------  ----------  --------------  -------------------
/opt/airflow/dags/smooth.py   5592  0.01s             1           0  0.05s           2025-03-03T19:16:31
================================================================================
[2025-03-03T19:17:32.325+0000] {manager.py:854} INFO - 
================================================================================
DAG File Processing Stats

File Path                      PID  Runtime      # DAGs    # Errors  Last Runtime    Last Run
---------------------------  -----  ---------  --------  ----------  --------------  -------------------
/opt/airflow/dags/smooth.py   5653  0.00s             1           0  0.08s           2025-03-03T19:17:02
================================================================================
[2025-03-03T19:18:02.589+0000] {manager.py:854} INFO - 
================================================================================
DAG File Processing Stats

File Path                      PID  Runtime      # DAGs    # Errors  Last Runtime    Last Run
---------------------------  -----  ---------  --------  ----------  --------------  -------------------
/opt/airflow/dags/smooth.py   5714  0.01s             1           0  0.07s           2025-03-03T19:17:32
================================================================================
[2025-03-03T19:18:32.872+0000] {manager.py:854} INFO - 
================================================================================
DAG File Processing Stats

File Path                      PID  Runtime      # DAGs    # Errors  Last Runtime    Last Run
---------------------------  -----  ---------  --------  ----------  --------------  -------------------
/opt/airflow/dags/smooth.py   5755  0.02s             1           0  0.07s           2025-03-03T19:18:02
================================================================================
[2025-03-03T19:19:03.125+0000] {manager.py:854} INFO - 
================================================================================
DAG File Processing Stats

File Path                      PID  Runtime      # DAGs    # Errors  Last Runtime    Last Run
---------------------------  -----  ---------  --------  ----------  --------------  -------------------
/opt/airflow/dags/smooth.py   5816  0.01s             1           0  0.11s           2025-03-03T19:18:32
================================================================================
[2025-03-03T19:19:33.422+0000] {manager.py:854} INFO - 
================================================================================
DAG File Processing Stats

File Path                      PID  Runtime      # DAGs    # Errors  Last Runtime    Last Run
---------------------------  -----  ---------  --------  ----------  --------------  -------------------
/opt/airflow/dags/smooth.py   5877  0.01s             1           0  0.08s           2025-03-03T19:19:03
================================================================================
[2025-03-03T19:20:03.705+0000] {manager.py:854} INFO - 
================================================================================
DAG File Processing Stats

File Path                      PID  Runtime      # DAGs    # Errors  Last Runtime    Last Run
---------------------------  -----  ---------  --------  ----------  --------------  -------------------
/opt/airflow/dags/smooth.py   5938  0.01s             1           0  0.08s           2025-03-03T19:19:33
================================================================================
[2025-03-03T19:20:33.954+0000] {manager.py:854} INFO - 
================================================================================
DAG File Processing Stats

File Path                      PID  Runtime      # DAGs    # Errors  Last Runtime    Last Run
---------------------------  -----  ---------  --------  ----------  --------------  -------------------
/opt/airflow/dags/smooth.py   5979  0.00s             1           0  0.06s           2025-03-03T19:20:03
================================================================================
[2025-03-03T19:21:04.223+0000] {manager.py:854} INFO - 
================================================================================
DAG File Processing Stats

File Path                      PID  Runtime      # DAGs    # Errors  Last Runtime    Last Run
---------------------------  -----  ---------  --------  ----------  --------------  -------------------
/opt/airflow/dags/smooth.py   6040  0.01s             1           0  0.07s           2025-03-03T19:20:34
================================================================================
[2025-03-03T19:21:34.449+0000] {manager.py:854} INFO - 
================================================================================
DAG File Processing Stats

File Path                      PID  Runtime      # DAGs    # Errors  Last Runtime    Last Run
---------------------------  -----  ---------  --------  ----------  --------------  -------------------
/opt/airflow/dags/smooth.py   6101  0.00s             1           0  0.07s           2025-03-03T19:21:04
================================================================================
[2025-03-03T19:21:42.515+0000] {manager.py:726} INFO - Searching for files in /opt/airflow/dags
[2025-03-03T19:21:42.517+0000] {manager.py:729} INFO - There are 1 files in /opt/airflow/dags
[2025-03-03T19:22:04.737+0000] {manager.py:854} INFO - 
================================================================================
DAG File Processing Stats

File Path                      PID  Runtime      # DAGs    # Errors  Last Runtime    Last Run
---------------------------  -----  ---------  --------  ----------  --------------  -------------------
/opt/airflow/dags/smooth.py   6162  0.00s             1           0  0.08s           2025-03-03T19:21:34
================================================================================
[2025-03-03T19:22:35.004+0000] {manager.py:854} INFO - 
================================================================================
DAG File Processing Stats

File Path                      PID  Runtime      # DAGs    # Errors  Last Runtime    Last Run
---------------------------  -----  ---------  --------  ----------  --------------  -------------------
/opt/airflow/dags/smooth.py   6203  0.01s             1           0  0.06s           2025-03-03T19:22:04
================================================================================
[2025-03-03T19:23:05.292+0000] {manager.py:854} INFO - 
================================================================================
DAG File Processing Stats

File Path                      PID  Runtime      # DAGs    # Errors  Last Runtime    Last Run
---------------------------  -----  ---------  --------  ----------  --------------  -------------------
/opt/airflow/dags/smooth.py   6264  0.00s             1           0  0.09s           2025-03-03T19:22:35
================================================================================
[2025-03-03T19:23:35.559+0000] {manager.py:854} INFO - 
================================================================================
DAG File Processing Stats

File Path                      PID  Runtime      # DAGs    # Errors  Last Runtime    Last Run
---------------------------  -----  ---------  --------  ----------  --------------  -------------------
/opt/airflow/dags/smooth.py   6325  0.00s             1           0  0.06s           2025-03-03T19:23:05
================================================================================
